0 info it worked if it ends with ok
1 verbose cli [ 'C:\\Program Files (x86)\\Microsoft Visual Studio\\2017\\Community\\Web\\External\\Node.exe',
1 verbose cli   'C:\\Program Files (x86)\\Microsoft Visual Studio\\2017\\Community\\Web\\External\\node_modules\\npm\\bin\\npm-cli.js',
1 verbose cli   'run',
1 verbose cli   'webpack',
1 verbose cli   '--color=always' ]
2 info using npm@3.3.4
3 info using node@v5.4.1
4 verbose run-script [ 'prewebpack', 'webpack', 'postwebpack' ]
5 info lifecycle reacttemplate@1.0.0~prewebpack: reacttemplate@1.0.0
6 silly lifecycle reacttemplate@1.0.0~prewebpack: no script for prewebpack, continuing
7 info lifecycle reacttemplate@1.0.0~webpack: reacttemplate@1.0.0
8 verbose lifecycle reacttemplate@1.0.0~webpack: unsafe-perm in lifecycle true
9 verbose lifecycle reacttemplate@1.0.0~webpack: PATH: C:\Program Files (x86)\Microsoft Visual Studio\2017\Community\Web\External\node_modules\npm\bin\node-gyp-bin;D:\Documents\Visual Studio 2017\Projects\ReactTemplate\ReactTemplate\node_modules\.bin;.\node_modules\.bin;C:\Program Files (x86)\Microsoft Visual Studio\2017\Community\Web\External;C:\ProgramData\Oracle\Java\javapath;C:\Windows\system32;C:\Windows;C:\Windows\System32\Wbem;C:\Windows\System32\WindowsPowerShell\v1.0\;C:\Program Files (x86)\NVIDIA Corporation\PhysX\Common;C:\WINDOWS\system32;C:\WINDOWS;C:\WINDOWS\System32\Wbem;C:\WINDOWS\System32\WindowsPowerShell\v1.0\;C:\ProgramData\chocolatey\bin;C:\WINDOWS\system32\config\systemprofile\.dnx\bin;C:\Program Files\Microsoft DNX\Dnvm\;C:\Program Files\Microsoft SQL Server\130\Tools\Binn\;C:\Program Files (x86)\Skype\Phone\;C:\Program Files\nodejs\;C:\Program Files\dotnet\;C:\Program Files\Git\cmd;C:\Users\New\AppData\Local\Microsoft\WindowsApps;C:\Users\New\AppData\Local\atom\bin;C:\Program Files (x86)\Microsoft VS Code\bin;C:\Users\New\AppData\Roaming\npm;%USERPROFILE%\AppData\Local\Microsoft\WindowsApps;;D:\Documents\Visual Studio 2017\Projects\ReactTemplate\packages\jQuery.1.10.2\tools;C:\Program Files (x86)\Microsoft Visual Studio\2017\Community\Common7\IDE\CommonExtensions\Microsoft\TeamFoundation\Team Explorer\Git\cmd;C:\Program Files (x86)\Microsoft Visual Studio\2017\Community\Common7\IDE\CommonExtensions\Microsoft\TeamFoundation\Team Explorer\Git\mingw32\bin
10 verbose lifecycle reacttemplate@1.0.0~webpack: CWD: D:\Documents\Visual Studio 2017\Projects\ReactTemplate\ReactTemplate
11 silly lifecycle reacttemplate@1.0.0~webpack: Args: [ '/d /s /c', 'webpack -w' ]
12 silly lifecycle reacttemplate@1.0.0~webpack: Returned: code: 1  signal: null
13 info lifecycle reacttemplate@1.0.0~webpack: Failed to exec webpack script
14 verbose stack Error: reacttemplate@1.0.0 webpack: `webpack -w`
14 verbose stack Exit status 1
14 verbose stack     at EventEmitter.<anonymous> (C:\Program Files (x86)\Microsoft Visual Studio\2017\Community\Web\External\node_modules\npm\lib\utils\lifecycle.js:233:16)
14 verbose stack     at emitTwo (events.js:87:13)
14 verbose stack     at EventEmitter.emit (events.js:172:7)
14 verbose stack     at ChildProcess.<anonymous> (C:\Program Files (x86)\Microsoft Visual Studio\2017\Community\Web\External\node_modules\npm\lib\utils\spawn.js:24:14)
14 verbose stack     at emitTwo (events.js:87:13)
14 verbose stack     at ChildProcess.emit (events.js:172:7)
14 verbose stack     at maybeClose (internal/child_process.js:821:16)
14 verbose stack     at Process.ChildProcess._handle.onexit (internal/child_process.js:211:5)
15 verbose pkgid reacttemplate@1.0.0
16 verbose cwd D:\Documents\Visual Studio 2017\Projects\ReactTemplate\ReactTemplate
17 error Windows_NT 10.0.15063
18 error argv "C:\\Program Files (x86)\\Microsoft Visual Studio\\2017\\Community\\Web\\External\\Node.exe" "C:\\Program Files (x86)\\Microsoft Visual Studio\\2017\\Community\\Web\\External\\node_modules\\npm\\bin\\npm-cli.js" "run" "webpack" "--color=always"
19 error node v5.4.1
20 error npm  v3.3.4
21 error code ELIFECYCLE
22 error reacttemplate@1.0.0 webpack: `webpack -w`
22 error Exit status 1
23 error Failed at the reacttemplate@1.0.0 webpack script 'webpack -w'.
23 error This is most likely a problem with the reacttemplate package,
23 error not with npm itself.
23 error Tell the author that this fails on your system:
23 error     webpack -w
23 error You can get their info via:
23 error     npm owner ls reacttemplate
23 error There is likely additional logging output above.
24 verbose exit [ 1, true ]
